{"/Users/linnettewanjiru/Desktop/le-documentaire/App.js":{"path":"/Users/linnettewanjiru/Desktop/le-documentaire/App.js","s":{"1":1,"2":1,"3":1,"4":1,"5":1,"6":1,"7":1,"8":1,"9":1,"10":1,"11":1},"b":{},"f":{},"fnMap":{},"statementMap":{"1":{"start":{"line":1,"column":0},"end":{"line":1,"column":35}},"2":{"start":{"line":2,"column":0},"end":{"line":2,"column":33}},"3":{"start":{"line":3,"column":0},"end":{"line":3,"column":42}},"4":{"start":{"line":6,"column":0},"end":{"line":6,"column":22}},"5":{"start":{"line":9,"column":0},"end":{"line":9,"column":23}},"6":{"start":{"line":12,"column":0},"end":{"line":12,"column":27}},"7":{"start":{"line":13,"column":0},"end":{"line":13,"column":52}},"8":{"start":{"line":16,"column":0},"end":{"line":16,"column":38}},"9":{"start":{"line":19,"column":0},"end":{"line":21,"column":4}},"10":{"start":{"line":19,"column":27},"end":{"line":21,"column":2}},"11":{"start":{"line":23,"column":0},"end":{"line":23,"column":21}}},"branchMap":{}},"/Users/linnettewanjiru/Desktop/le-documentaire/server/routes/Route.js":{"path":"/Users/linnettewanjiru/Desktop/le-documentaire/server/routes/Route.js","s":{"1":1,"2":1,"3":1,"4":1,"5":1,"6":1,"7":1,"8":1,"9":1,"10":1},"b":{},"f":{},"fnMap":{},"statementMap":{"1":{"start":{"line":1,"column":0},"end":{"line":1,"column":55}},"2":{"start":{"line":2,"column":0},"end":{"line":2,"column":55}},"3":{"start":{"line":5,"column":0},"end":{"line":5,"column":23}},"4":{"start":{"line":7,"column":0},"end":{"line":15,"column":2}},"5":{"start":{"line":8,"column":2},"end":{"line":8,"column":48}},"6":{"start":{"line":9,"column":2},"end":{"line":9,"column":45}},"7":{"start":{"line":10,"column":2},"end":{"line":10,"column":53}},"8":{"start":{"line":12,"column":2},"end":{"line":12,"column":45}},"9":{"start":{"line":13,"column":2},"end":{"line":13,"column":42}},"10":{"start":{"line":14,"column":2},"end":{"line":14,"column":50}}},"branchMap":{}},"/Users/linnettewanjiru/Desktop/le-documentaire/server/controllers/Roles.js":{"path":"/Users/linnettewanjiru/Desktop/le-documentaire/server/controllers/Roles.js","s":{"1":1,"2":1,"3":4,"4":1,"5":3,"6":1,"7":1,"8":0,"9":3,"10":3,"11":3,"12":0},"b":{"1":[3,0]},"f":{"1":4,"2":1,"3":3},"fnMap":{"1":{"name":"(anonymous_1)","line":4,"loc":{"start":{"line":4,"column":8},"end":{"line":4,"column":19}}},"2":{"name":"(anonymous_2)","line":10,"loc":{"start":{"line":10,"column":6},"end":{"line":10,"column":17}}},"3":{"name":"(anonymous_3)","line":15,"loc":{"start":{"line":15,"column":11},"end":{"line":15,"column":22}}}},"statementMap":{"1":{"start":{"line":1,"column":0},"end":{"line":1,"column":38}},"2":{"start":{"line":3,"column":0},"end":{"line":22,"column":2}},"3":{"start":{"line":5,"column":4},"end":{"line":7,"column":49}},"4":{"start":{"line":6,"column":18},"end":{"line":6,"column":44}},"5":{"start":{"line":7,"column":20},"end":{"line":7,"column":47}},"6":{"start":{"line":11,"column":4},"end":{"line":13,"column":49}},"7":{"start":{"line":12,"column":18},"end":{"line":12,"column":44}},"8":{"start":{"line":13,"column":20},"end":{"line":13,"column":47}},"9":{"start":{"line":16,"column":4},"end":{"line":20,"column":5}},"10":{"start":{"line":17,"column":6},"end":{"line":17,"column":99}},"11":{"start":{"line":17,"column":73},"end":{"line":17,"column":97}},"12":{"start":{"line":19,"column":6},"end":{"line":19,"column":71}}},"branchMap":{"1":{"line":16,"type":"if","locations":[{"start":{"line":16,"column":4},"end":{"line":16,"column":4}},{"start":{"line":16,"column":4},"end":{"line":16,"column":4}}]}}},"/Users/linnettewanjiru/Desktop/le-documentaire/server/models/index.js":{"path":"/Users/linnettewanjiru/Desktop/le-documentaire/server/models/index.js","s":{"1":1,"2":1,"3":1,"4":1,"5":1,"6":1,"7":1,"8":1,"9":1,"10":0,"11":1,"12":1,"13":5,"14":3,"15":3,"16":1,"17":3,"18":0,"19":1,"20":1,"21":1},"b":{"1":[1,0],"2":[0,1],"3":[5,4,3],"4":[0,3]},"f":{},"fnMap":{},"statementMap":{"1":{"start":{"line":1,"column":0},"end":{"line":1,"column":25}},"2":{"start":{"line":2,"column":0},"end":{"line":2,"column":29}},"3":{"start":{"line":3,"column":0},"end":{"line":3,"column":39}},"4":{"start":{"line":5,"column":0},"end":{"line":5,"column":48}},"5":{"start":{"line":6,"column":0},"end":{"line":6,"column":50}},"6":{"start":{"line":7,"column":0},"end":{"line":7,"column":66}},"7":{"start":{"line":8,"column":0},"end":{"line":8,"column":14}},"8":{"start":{"line":10,"column":0},"end":{"line":10,"column":14}},"9":{"start":{"line":11,"column":0},"end":{"line":15,"column":1}},"10":{"start":{"line":12,"column":2},"end":{"line":12,"column":66}},"11":{"start":{"line":14,"column":2},"end":{"line":14,"column":87}},"12":{"start":{"line":17,"column":0},"end":{"line":23,"column":5}},"13":{"start":{"line":19,"column":18},"end":{"line":19,"column":96}},"14":{"start":{"line":21,"column":4},"end":{"line":21,"column":63}},"15":{"start":{"line":22,"column":4},"end":{"line":22,"column":27}},"16":{"start":{"line":25,"column":0},"end":{"line":29,"column":3}},"17":{"start":{"line":26,"column":2},"end":{"line":28,"column":3}},"18":{"start":{"line":27,"column":4},"end":{"line":27,"column":32}},"19":{"start":{"line":31,"column":0},"end":{"line":31,"column":25}},"20":{"start":{"line":32,"column":0},"end":{"line":32,"column":25}},"21":{"start":{"line":34,"column":0},"end":{"line":34,"column":20}}},"branchMap":{"1":{"line":6,"type":"binary-expr","locations":[{"start":{"line":6,"column":12},"end":{"line":6,"column":32}},{"start":{"line":6,"column":36},"end":{"line":6,"column":49}}]},"2":{"line":11,"type":"if","locations":[{"start":{"line":11,"column":0},"end":{"line":11,"column":0}},{"start":{"line":11,"column":0},"end":{"line":11,"column":0}}]},"3":{"line":19,"type":"binary-expr","locations":[{"start":{"line":19,"column":19},"end":{"line":19,"column":42}},{"start":{"line":19,"column":48},"end":{"line":19,"column":65}},{"start":{"line":19,"column":71},"end":{"line":19,"column":95}}]},"4":{"line":26,"type":"if","locations":[{"start":{"line":26,"column":2},"end":{"line":26,"column":2}},{"start":{"line":26,"column":2},"end":{"line":26,"column":2}}]}}},"/Users/linnettewanjiru/Desktop/le-documentaire/server/models/Document.js":{"path":"/Users/linnettewanjiru/Desktop/le-documentaire/server/models/Document.js","s":{"1":1,"2":1,"3":0,"4":1},"b":{},"f":{"1":0},"fnMap":{"1":{"name":"(anonymous_1)","line":20,"loc":{"start":{"line":20,"column":15},"end":{"line":20,"column":24}}}},"statementMap":{"1":{"start":{"line":1,"column":0},"end":{"line":30,"column":2}},"2":{"start":{"line":2,"column":2},"end":{"line":28,"column":5}},"3":{"start":{"line":22,"column":8},"end":{"line":25,"column":11}},"4":{"start":{"line":29,"column":2},"end":{"line":29,"column":18}}},"branchMap":{}},"/Users/linnettewanjiru/Desktop/le-documentaire/server/models/Role.js":{"path":"/Users/linnettewanjiru/Desktop/le-documentaire/server/models/Role.js","s":{"1":1,"2":1,"3":0,"4":1},"b":{},"f":{"1":0},"fnMap":{"1":{"name":"(anonymous_1)","line":13,"loc":{"start":{"line":13,"column":15},"end":{"line":13,"column":24}}}},"statementMap":{"1":{"start":{"line":1,"column":0},"end":{"line":23,"column":2}},"2":{"start":{"line":2,"column":2},"end":{"line":21,"column":5}},"3":{"start":{"line":15,"column":8},"end":{"line":18,"column":11}},"4":{"start":{"line":22,"column":2},"end":{"line":22,"column":14}}},"branchMap":{}},"/Users/linnettewanjiru/Desktop/le-documentaire/server/models/User.js":{"path":"/Users/linnettewanjiru/Desktop/le-documentaire/server/models/User.js","s":{"1":1,"2":1,"3":0,"4":0,"5":1},"b":{},"f":{"1":0},"fnMap":{"1":{"name":"(anonymous_1)","line":50,"loc":{"start":{"line":50,"column":15},"end":{"line":50,"column":24}}}},"statementMap":{"1":{"start":{"line":1,"column":0},"end":{"line":64,"column":2}},"2":{"start":{"line":2,"column":2},"end":{"line":62,"column":5}},"3":{"start":{"line":52,"column":8},"end":{"line":55,"column":11}},"4":{"start":{"line":56,"column":8},"end":{"line":59,"column":11}},"5":{"start":{"line":63,"column":2},"end":{"line":63,"column":14}}},"branchMap":{}},"/Users/linnettewanjiru/Desktop/le-documentaire/server/controllers/Users.js":{"path":"/Users/linnettewanjiru/Desktop/le-documentaire/server/controllers/Users.js","s":{"1":1,"2":1,"3":1,"4":0,"5":1,"6":1,"7":1,"8":0,"9":0,"10":0,"11":0,"12":0},"b":{"1":[0,0]},"f":{"1":1,"2":1,"3":0},"fnMap":{"1":{"name":"(anonymous_1)","line":4,"loc":{"start":{"line":4,"column":8},"end":{"line":4,"column":19}}},"2":{"name":"(anonymous_2)","line":16,"loc":{"start":{"line":16,"column":6},"end":{"line":16,"column":17}}},"3":{"name":"(anonymous_3)","line":21,"loc":{"start":{"line":21,"column":11},"end":{"line":21,"column":22}}}},"statementMap":{"1":{"start":{"line":1,"column":0},"end":{"line":1,"column":38}},"2":{"start":{"line":3,"column":0},"end":{"line":28,"column":2}},"3":{"start":{"line":5,"column":4},"end":{"line":14,"column":49}},"4":{"start":{"line":13,"column":18},"end":{"line":13,"column":44}},"5":{"start":{"line":14,"column":20},"end":{"line":14,"column":47}},"6":{"start":{"line":17,"column":4},"end":{"line":19,"column":49}},"7":{"start":{"line":18,"column":18},"end":{"line":18,"column":44}},"8":{"start":{"line":19,"column":20},"end":{"line":19,"column":47}},"9":{"start":{"line":22,"column":4},"end":{"line":26,"column":5}},"10":{"start":{"line":23,"column":6},"end":{"line":23,"column":99}},"11":{"start":{"line":23,"column":73},"end":{"line":23,"column":97}},"12":{"start":{"line":25,"column":6},"end":{"line":25,"column":71}}},"branchMap":{"1":{"line":22,"type":"if","locations":[{"start":{"line":22,"column":4},"end":{"line":22,"column":4}},{"start":{"line":22,"column":4},"end":{"line":22,"column":4}}]}}}}