{"/Users/linnettewanjiru/Desktop/le-documentaire/app.js":{"path":"/Users/linnettewanjiru/Desktop/le-documentaire/app.js","s":{"1":1,"2":1,"3":1,"4":1,"5":1,"6":1,"7":1,"8":1,"9":1,"10":1,"11":1,"12":1},"b":{},"f":{},"fnMap":{},"statementMap":{"1":{"start":{"line":1,"column":0},"end":{"line":1,"column":35}},"2":{"start":{"line":2,"column":0},"end":{"line":2,"column":33}},"3":{"start":{"line":3,"column":0},"end":{"line":3,"column":42}},"4":{"start":{"line":4,"column":0},"end":{"line":4,"column":61}},"5":{"start":{"line":7,"column":0},"end":{"line":7,"column":22}},"6":{"start":{"line":10,"column":0},"end":{"line":10,"column":23}},"7":{"start":{"line":13,"column":0},"end":{"line":13,"column":27}},"8":{"start":{"line":14,"column":0},"end":{"line":14,"column":52}},"9":{"start":{"line":17,"column":0},"end":{"line":17,"column":42}},"10":{"start":{"line":20,"column":0},"end":{"line":22,"column":4}},"11":{"start":{"line":20,"column":27},"end":{"line":22,"column":2}},"12":{"start":{"line":24,"column":0},"end":{"line":24,"column":21}}},"branchMap":{}},"/Users/linnettewanjiru/Desktop/le-documentaire/server/controllers/Roles.js":{"path":"/Users/linnettewanjiru/Desktop/le-documentaire/server/controllers/Roles.js","s":{"1":1,"2":1,"3":1,"4":1},"b":{},"f":{},"fnMap":{},"statementMap":{"1":{"start":{"line":1,"column":0},"end":{"line":1,"column":38}},"2":{"start":{"line":3,"column":0},"end":{"line":5,"column":2}},"3":{"start":{"line":4,"column":2},"end":{"line":4,"column":65}},"4":{"start":{"line":4,"column":37},"end":{"line":4,"column":63}}},"branchMap":{}},"/Users/linnettewanjiru/Desktop/le-documentaire/server/models/index.js":{"path":"/Users/linnettewanjiru/Desktop/le-documentaire/server/models/index.js","s":{"1":1,"2":1,"3":1,"4":1,"5":1,"6":1,"7":1,"8":1,"9":1,"10":0,"11":1,"12":1,"13":5,"14":3,"15":3,"16":1,"17":3,"18":0,"19":1,"20":1,"21":1},"b":{"1":[1,1],"2":[0,1],"3":[5,4,3],"4":[0,3]},"f":{},"fnMap":{},"statementMap":{"1":{"start":{"line":1,"column":0},"end":{"line":1,"column":25}},"2":{"start":{"line":2,"column":0},"end":{"line":2,"column":29}},"3":{"start":{"line":3,"column":0},"end":{"line":3,"column":39}},"4":{"start":{"line":5,"column":0},"end":{"line":5,"column":48}},"5":{"start":{"line":6,"column":0},"end":{"line":6,"column":50}},"6":{"start":{"line":7,"column":0},"end":{"line":7,"column":66}},"7":{"start":{"line":8,"column":0},"end":{"line":8,"column":14}},"8":{"start":{"line":10,"column":0},"end":{"line":10,"column":14}},"9":{"start":{"line":11,"column":0},"end":{"line":15,"column":1}},"10":{"start":{"line":12,"column":2},"end":{"line":12,"column":66}},"11":{"start":{"line":14,"column":2},"end":{"line":14,"column":87}},"12":{"start":{"line":17,"column":0},"end":{"line":23,"column":5}},"13":{"start":{"line":19,"column":18},"end":{"line":19,"column":96}},"14":{"start":{"line":21,"column":4},"end":{"line":21,"column":63}},"15":{"start":{"line":22,"column":4},"end":{"line":22,"column":27}},"16":{"start":{"line":25,"column":0},"end":{"line":29,"column":3}},"17":{"start":{"line":26,"column":2},"end":{"line":28,"column":3}},"18":{"start":{"line":27,"column":4},"end":{"line":27,"column":32}},"19":{"start":{"line":31,"column":0},"end":{"line":31,"column":25}},"20":{"start":{"line":32,"column":0},"end":{"line":32,"column":25}},"21":{"start":{"line":34,"column":0},"end":{"line":34,"column":20}}},"branchMap":{"1":{"line":6,"type":"binary-expr","locations":[{"start":{"line":6,"column":12},"end":{"line":6,"column":32}},{"start":{"line":6,"column":36},"end":{"line":6,"column":49}}]},"2":{"line":11,"type":"if","locations":[{"start":{"line":11,"column":0},"end":{"line":11,"column":0}},{"start":{"line":11,"column":0},"end":{"line":11,"column":0}}]},"3":{"line":19,"type":"binary-expr","locations":[{"start":{"line":19,"column":19},"end":{"line":19,"column":42}},{"start":{"line":19,"column":48},"end":{"line":19,"column":65}},{"start":{"line":19,"column":71},"end":{"line":19,"column":95}}]},"4":{"line":26,"type":"if","locations":[{"start":{"line":26,"column":2},"end":{"line":26,"column":2}},{"start":{"line":26,"column":2},"end":{"line":26,"column":2}}]}}},"/Users/linnettewanjiru/Desktop/le-documentaire/server/models/Document.js":{"path":"/Users/linnettewanjiru/Desktop/le-documentaire/server/models/Document.js","s":{"1":1,"2":1,"3":0,"4":1},"b":{},"f":{"1":0},"fnMap":{"1":{"name":"(anonymous_1)","line":20,"loc":{"start":{"line":20,"column":15},"end":{"line":20,"column":24}}}},"statementMap":{"1":{"start":{"line":1,"column":0},"end":{"line":30,"column":2}},"2":{"start":{"line":2,"column":2},"end":{"line":28,"column":5}},"3":{"start":{"line":22,"column":8},"end":{"line":25,"column":11}},"4":{"start":{"line":29,"column":2},"end":{"line":29,"column":18}}},"branchMap":{}},"/Users/linnettewanjiru/Desktop/le-documentaire/server/models/Role.js":{"path":"/Users/linnettewanjiru/Desktop/le-documentaire/server/models/Role.js","s":{"1":1,"2":1,"3":0,"4":1},"b":{},"f":{"1":0},"fnMap":{"1":{"name":"(anonymous_1)","line":13,"loc":{"start":{"line":13,"column":15},"end":{"line":13,"column":24}}}},"statementMap":{"1":{"start":{"line":1,"column":0},"end":{"line":23,"column":2}},"2":{"start":{"line":2,"column":2},"end":{"line":21,"column":5}},"3":{"start":{"line":15,"column":8},"end":{"line":18,"column":11}},"4":{"start":{"line":22,"column":2},"end":{"line":22,"column":14}}},"branchMap":{}},"/Users/linnettewanjiru/Desktop/le-documentaire/server/models/User.js":{"path":"/Users/linnettewanjiru/Desktop/le-documentaire/server/models/User.js","s":{"1":1,"2":1,"3":0,"4":0,"5":1},"b":{},"f":{"1":0},"fnMap":{"1":{"name":"(anonymous_1)","line":46,"loc":{"start":{"line":46,"column":15},"end":{"line":46,"column":24}}}},"statementMap":{"1":{"start":{"line":1,"column":0},"end":{"line":60,"column":2}},"2":{"start":{"line":2,"column":2},"end":{"line":58,"column":5}},"3":{"start":{"line":48,"column":8},"end":{"line":51,"column":11}},"4":{"start":{"line":52,"column":8},"end":{"line":55,"column":11}},"5":{"start":{"line":59,"column":2},"end":{"line":59,"column":14}}},"branchMap":{}}}