TN:
SF:/Users/linnettewanjiru/Desktop/le-documentaire/App.js
FNF:0
FNH:0
DA:1,1
DA:2,1
DA:3,1
DA:6,1
DA:9,1
DA:12,1
DA:13,1
DA:16,1
DA:19,1
DA:23,1
LF:10
LH:10
BRF:0
BRH:0
end_of_record
TN:
SF:/Users/linnettewanjiru/Desktop/le-documentaire/server/routes/Route.js
FNF:0
FNH:0
DA:1,1
DA:2,1
DA:5,1
DA:7,1
DA:8,1
DA:9,1
DA:10,1
DA:12,1
DA:13,1
DA:14,1
LF:10
LH:10
BRF:0
BRH:0
end_of_record
TN:
SF:/Users/linnettewanjiru/Desktop/le-documentaire/server/controllers/Roles.js
FN:4,(anonymous_1)
FN:10,(anonymous_2)
FN:15,(anonymous_3)
FNF:3
FNH:3
FNDA:4,(anonymous_1)
FNDA:1,(anonymous_2)
FNDA:3,(anonymous_3)
DA:1,1
DA:3,1
DA:5,4
DA:6,1
DA:7,3
DA:11,1
DA:12,1
DA:13,0
DA:16,3
DA:17,3
DA:19,0
LF:11
LH:9
BRDA:16,1,0,3
BRDA:16,1,1,0
BRF:2
BRH:1
end_of_record
TN:
SF:/Users/linnettewanjiru/Desktop/le-documentaire/server/models/index.js
FNF:0
FNH:0
DA:1,1
DA:2,1
DA:3,1
DA:5,1
DA:6,1
DA:7,1
DA:8,1
DA:10,1
DA:11,1
DA:12,0
DA:14,1
DA:17,1
DA:19,5
DA:21,3
DA:22,3
DA:25,1
DA:26,3
DA:27,0
DA:31,1
DA:32,1
DA:34,1
LF:21
LH:19
BRDA:6,1,0,1
BRDA:6,1,1,0
BRDA:11,2,0,0
BRDA:11,2,1,1
BRDA:19,3,0,5
BRDA:19,3,1,4
BRDA:19,3,2,3
BRDA:26,4,0,0
BRDA:26,4,1,3
BRF:9
BRH:6
end_of_record
TN:
SF:/Users/linnettewanjiru/Desktop/le-documentaire/server/models/Document.js
FN:20,(anonymous_1)
FNF:1
FNH:0
FNDA:0,(anonymous_1)
DA:1,1
DA:2,1
DA:22,0
DA:29,1
LF:4
LH:3
BRF:0
BRH:0
end_of_record
TN:
SF:/Users/linnettewanjiru/Desktop/le-documentaire/server/models/Role.js
FN:13,(anonymous_1)
FNF:1
FNH:0
FNDA:0,(anonymous_1)
DA:1,1
DA:2,1
DA:15,0
DA:22,1
LF:4
LH:3
BRF:0
BRH:0
end_of_record
TN:
SF:/Users/linnettewanjiru/Desktop/le-documentaire/server/models/User.js
FN:50,(anonymous_1)
FNF:1
FNH:0
FNDA:0,(anonymous_1)
DA:1,1
DA:2,1
DA:52,0
DA:56,0
DA:63,1
LF:5
LH:3
BRF:0
BRH:0
end_of_record
TN:
SF:/Users/linnettewanjiru/Desktop/le-documentaire/server/controllers/Users.js
FN:4,(anonymous_1)
FN:16,(anonymous_2)
FN:21,(anonymous_3)
FNF:3
FNH:2
FNDA:1,(anonymous_1)
FNDA:1,(anonymous_2)
FNDA:0,(anonymous_3)
DA:1,1
DA:3,1
DA:5,1
DA:13,0
DA:14,1
DA:17,1
DA:18,1
DA:19,0
DA:22,0
DA:23,0
DA:25,0
LF:11
LH:6
BRDA:22,1,0,0
BRDA:22,1,1,0
BRF:2
BRH:0
end_of_record
