TN:
SF:/Users/linnettewanjiru/Desktop/le-documentaire/app.js
FNF:0
FNH:0
DA:1,1
DA:2,1
DA:3,1
DA:4,1
DA:7,1
DA:10,1
DA:13,1
DA:14,1
DA:17,1
DA:20,1
DA:24,1
LF:11
LH:11
BRF:0
BRH:0
end_of_record
TN:
SF:/Users/linnettewanjiru/Desktop/le-documentaire/server/controllers/Roles.js
FNF:0
FNH:0
DA:1,1
DA:3,1
DA:4,1
LF:3
LH:3
BRF:0
BRH:0
end_of_record
TN:
SF:/Users/linnettewanjiru/Desktop/le-documentaire/server/models/index.js
FNF:0
FNH:0
DA:1,1
DA:2,1
DA:3,1
DA:5,1
DA:6,1
DA:7,1
DA:8,1
DA:10,1
DA:11,1
DA:12,0
DA:14,1
DA:17,1
DA:19,5
DA:21,3
DA:22,3
DA:25,1
DA:26,3
DA:27,0
DA:31,1
DA:32,1
DA:34,1
LF:21
LH:19
BRDA:6,1,0,1
BRDA:6,1,1,1
BRDA:11,2,0,0
BRDA:11,2,1,1
BRDA:19,3,0,5
BRDA:19,3,1,4
BRDA:19,3,2,3
BRDA:26,4,0,0
BRDA:26,4,1,3
BRF:9
BRH:7
end_of_record
TN:
SF:/Users/linnettewanjiru/Desktop/le-documentaire/server/models/Document.js
FN:20,(anonymous_1)
FNF:1
FNH:0
FNDA:0,(anonymous_1)
DA:1,1
DA:2,1
DA:22,0
DA:29,1
LF:4
LH:3
BRF:0
BRH:0
end_of_record
TN:
SF:/Users/linnettewanjiru/Desktop/le-documentaire/server/models/Role.js
FN:13,(anonymous_1)
FNF:1
FNH:0
FNDA:0,(anonymous_1)
DA:1,1
DA:2,1
DA:15,0
DA:22,1
LF:4
LH:3
BRF:0
BRH:0
end_of_record
TN:
SF:/Users/linnettewanjiru/Desktop/le-documentaire/server/models/User.js
FN:46,(anonymous_1)
FNF:1
FNH:0
FNDA:0,(anonymous_1)
DA:1,1
DA:2,1
DA:48,0
DA:52,0
DA:59,1
LF:5
LH:3
BRF:0
BRH:0
end_of_record
